生成启动时间为 2019/3/1 21:36:20。
     1>项目“E:\WorkStudy\Book\OpenGL\OpenGL_HelloWorld\Hello_Triangle\Hello_Triangle.vcxproj”在节点 2 上(Rebuild 个目标)。
     1>ClCompile:
         C:\Program Files (x86)\Microsoft Visual Studio 12.0\VC\bin\CL.exe /c /ZI /nologo /W3 /WX- /sdl /Od /Oy- /D _MBCS /Gm /EHsc /RTC1 /MDd /GS /fp:precise /Zc:wchar_t /Zc:forScope /Fo"Debug\\" /Fd"Debug\vc120.pdb" /Gd /TC /analyze- /errorReport:prompt ..\glad.c
         glad.c
         C:\Program Files (x86)\Microsoft Visual Studio 12.0\VC\bin\CL.exe /c /ZI /nologo /W3 /WX- /sdl /Od /Oy- /D _MBCS /Gm /EHsc /RTC1 /MDd /GS /fp:precise /Zc:wchar_t /Zc:forScope /Fo"Debug\\" /Fd"Debug\vc120.pdb" /Gd /TP /analyze- /errorReport:prompt hello_triangle.cpp
         hello_triangle.cpp
       Link:
         C:\Program Files (x86)\Microsoft Visual Studio 12.0\VC\bin\link.exe /ERRORREPORT:PROMPT /OUT:"E:\WorkStudy\Book\OpenGL\OpenGL_HelloWorld\Debug\Hello_Triangle.exe" /INCREMENTAL /NOLOGO opengl32.lib glfw3.lib kernel32.lib user32.lib gdi32.lib winspool.lib comdlg32.lib advapi32.lib shell32.lib ole32.lib oleaut32.lib uuid.lib odbc32.lib odbccp32.lib /MANIFEST /MANIFESTUAC:"level='asInvoker' uiAccess='false'" /manifest:embed /DEBUG /PDB:"E:\WorkStudy\Book\OpenGL\OpenGL_HelloWorld\Debug\Hello_Triangle.pdb" /TLBID:1 /DYNAMICBASE /NXCOMPAT /IMPLIB:"E:\WorkStudy\Book\OpenGL\OpenGL_HelloWorld\Debug\Hello_Triangle.lib" /MACHINE:X86 Debug\glad.obj
         Debug\hello_triangle.obj
     1>glfw3.lib(context.obj) : warning LNK4099: 未找到 PDB“vc120.pdb”(使用“glfw3.lib(context.obj)”或在“E:\WorkStudy\Book\OpenGL\OpenGL_HelloWorld\Debug\vc120.pdb”中寻找)；正在链接对象，如同没有调试信息一样
     1>glfw3.lib(init.obj) : warning LNK4099: 未找到 PDB“vc120.pdb”(使用“glfw3.lib(init.obj)”或在“E:\WorkStudy\Book\OpenGL\OpenGL_HelloWorld\Debug\vc120.pdb”中寻找)；正在链接对象，如同没有调试信息一样
     1>glfw3.lib(input.obj) : warning LNK4099: 未找到 PDB“vc120.pdb”(使用“glfw3.lib(input.obj)”或在“E:\WorkStudy\Book\OpenGL\OpenGL_HelloWorld\Debug\vc120.pdb”中寻找)；正在链接对象，如同没有调试信息一样
     1>glfw3.lib(monitor.obj) : warning LNK4099: 未找到 PDB“vc120.pdb”(使用“glfw3.lib(monitor.obj)”或在“E:\WorkStudy\Book\OpenGL\OpenGL_HelloWorld\Debug\vc120.pdb”中寻找)；正在链接对象，如同没有调试信息一样
     1>glfw3.lib(vulkan.obj) : warning LNK4099: 未找到 PDB“vc120.pdb”(使用“glfw3.lib(vulkan.obj)”或在“E:\WorkStudy\Book\OpenGL\OpenGL_HelloWorld\Debug\vc120.pdb”中寻找)；正在链接对象，如同没有调试信息一样
     1>glfw3.lib(window.obj) : warning LNK4099: 未找到 PDB“vc120.pdb”(使用“glfw3.lib(window.obj)”或在“E:\WorkStudy\Book\OpenGL\OpenGL_HelloWorld\Debug\vc120.pdb”中寻找)；正在链接对象，如同没有调试信息一样
     1>glfw3.lib(win32_init.obj) : warning LNK4099: 未找到 PDB“vc120.pdb”(使用“glfw3.lib(win32_init.obj)”或在“E:\WorkStudy\Book\OpenGL\OpenGL_HelloWorld\Debug\vc120.pdb”中寻找)；正在链接对象，如同没有调试信息一样
     1>glfw3.lib(win32_joystick.obj) : warning LNK4099: 未找到 PDB“vc120.pdb”(使用“glfw3.lib(win32_joystick.obj)”或在“E:\WorkStudy\Book\OpenGL\OpenGL_HelloWorld\Debug\vc120.pdb”中寻找)；正在链接对象，如同没有调试信息一样
     1>glfw3.lib(win32_monitor.obj) : warning LNK4099: 未找到 PDB“vc120.pdb”(使用“glfw3.lib(win32_monitor.obj)”或在“E:\WorkStudy\Book\OpenGL\OpenGL_HelloWorld\Debug\vc120.pdb”中寻找)；正在链接对象，如同没有调试信息一样
     1>glfw3.lib(win32_time.obj) : warning LNK4099: 未找到 PDB“vc120.pdb”(使用“glfw3.lib(win32_time.obj)”或在“E:\WorkStudy\Book\OpenGL\OpenGL_HelloWorld\Debug\vc120.pdb”中寻找)；正在链接对象，如同没有调试信息一样
     1>glfw3.lib(win32_tls.obj) : warning LNK4099: 未找到 PDB“vc120.pdb”(使用“glfw3.lib(win32_tls.obj)”或在“E:\WorkStudy\Book\OpenGL\OpenGL_HelloWorld\Debug\vc120.pdb”中寻找)；正在链接对象，如同没有调试信息一样
     1>glfw3.lib(win32_window.obj) : warning LNK4099: 未找到 PDB“vc120.pdb”(使用“glfw3.lib(win32_window.obj)”或在“E:\WorkStudy\Book\OpenGL\OpenGL_HelloWorld\Debug\vc120.pdb”中寻找)；正在链接对象，如同没有调试信息一样
     1>glfw3.lib(wgl_context.obj) : warning LNK4099: 未找到 PDB“vc120.pdb”(使用“glfw3.lib(wgl_context.obj)”或在“E:\WorkStudy\Book\OpenGL\OpenGL_HelloWorld\Debug\vc120.pdb”中寻找)；正在链接对象，如同没有调试信息一样
     1>glfw3.lib(egl_context.obj) : warning LNK4099: 未找到 PDB“vc120.pdb”(使用“glfw3.lib(egl_context.obj)”或在“E:\WorkStudy\Book\OpenGL\OpenGL_HelloWorld\Debug\vc120.pdb”中寻找)；正在链接对象，如同没有调试信息一样
         Hello_Triangle.vcxproj -> E:\WorkStudy\Book\OpenGL\OpenGL_HelloWorld\Debug\Hello_Triangle.exe
     1>已完成生成项目“E:\WorkStudy\Book\OpenGL\OpenGL_HelloWorld\Hello_Triangle\Hello_Triangle.vcxproj”(Rebuild 个目标)的操作。

生成成功。

已用时间 00:00:00.97
